c:\users\u0965201\documents\ai_eaespring2020\of_v0.11.0_vs2017_release\libs\openframeworkscompiled\project\vs\obj\x64\debug\ofnode.obj
c:\users\u0965201\documents\ai_eaespring2020\of_v0.11.0_vs2017_release\libs\openframeworkscompiled\project\vs\obj\x64\debug\ofglutils.obj
c:\users\u0965201\documents\ai_eaespring2020\of_v0.11.0_vs2017_release\libs\openframeworkscompiled\project\vs\obj\x64\debug\ofvbomesh.obj
c:\users\u0965201\documents\ai_eaespring2020\of_v0.11.0_vs2017_release\libs\openframeworkscompiled\project\vs\obj\x64\debug\ofimage.obj
c:\users\u0965201\documents\ai_eaespring2020\of_v0.11.0_vs2017_release\libs\openframeworkscompiled\project\vs\obj\x64\debug\ofmatrix3x3.obj
c:\users\u0965201\documents\ai_eaespring2020\of_v0.11.0_vs2017_release\libs\openframeworkscompiled\project\vs\obj\x64\debug\ofvec4f.obj
c:\users\u0965201\documents\ai_eaespring2020\of_v0.11.0_vs2017_release\libs\openframeworkscompiled\project\vs\obj\x64\debug\ofsoundstream.obj
c:\users\u0965201\documents\ai_eaespring2020\of_v0.11.0_vs2017_release\libs\openframeworkscompiled\project\vs\obj\x64\debug\ofmatrixstack.obj
c:\users\u0965201\documents\ai_eaespring2020\of_v0.11.0_vs2017_release\libs\openframeworkscompiled\project\vs\obj\x64\debug\ofdirectshowgrabber.obj
c:\users\u0965201\documents\ai_eaespring2020\of_v0.11.0_vs2017_release\libs\openframeworkscompiled\project\vs\obj\x64\debug\ofcamera.obj
c:\users\u0965201\documents\ai_eaespring2020\of_v0.11.0_vs2017_release\libs\openframeworkscompiled\project\vs\obj\x64\debug\offbo.obj
c:\users\u0965201\documents\ai_eaespring2020\of_v0.11.0_vs2017_release\libs\openframeworkscompiled\project\vs\obj\x64\debug\of3dgraphics.obj
c:\users\u0965201\documents\ai_eaespring2020\of_v0.11.0_vs2017_release\libs\openframeworkscompiled\project\vs\obj\x64\debug\ofrenderercollection.obj
c:\users\u0965201\documents\ai_eaespring2020\of_v0.11.0_vs2017_release\libs\openframeworkscompiled\project\vs\obj\x64\debug\ofsoundbasetypes.obj
c:\users\u0965201\documents\ai_eaespring2020\of_v0.11.0_vs2017_release\libs\openframeworkscompiled\project\vs\obj\x64\debug\ofparametergroup.obj
c:\users\u0965201\documents\ai_eaespring2020\of_v0.11.0_vs2017_release\libs\openframeworkscompiled\project\vs\obj\x64\debug\ofvideoplayer.obj
c:\users\u0965201\documents\ai_eaespring2020\of_v0.11.0_vs2017_release\libs\openframeworkscompiled\project\vs\obj\x64\debug\ofapprunner.obj
c:\users\u0965201\documents\ai_eaespring2020\of_v0.11.0_vs2017_release\libs\openframeworkscompiled\project\vs\obj\x64\debug\ofmaterial.obj
c:\users\u0965201\documents\ai_eaespring2020\of_v0.11.0_vs2017_release\libs\openframeworkscompiled\project\vs\obj\x64\debug\ofcairorenderer.obj
c:\users\u0965201\documents\ai_eaespring2020\of_v0.11.0_vs2017_release\libs\openframeworkscompiled\project\vs\obj\x64\debug\ofmath.obj
c:\users\u0965201\documents\ai_eaespring2020\of_v0.11.0_vs2017_release\libs\openframeworkscompiled\project\vs\obj\x64\debug\ofbasetypes.obj
c:\users\u0965201\documents\ai_eaespring2020\of_v0.11.0_vs2017_release\libs\openframeworkscompiled\project\vs\obj\x64\debug\ofutils.obj
c:\users\u0965201\documents\ai_eaespring2020\of_v0.11.0_vs2017_release\libs\openframeworkscompiled\project\vs\obj\x64\debug\ofeasycam.obj
c:\users\u0965201\documents\ai_eaespring2020\of_v0.11.0_vs2017_release\libs\openframeworkscompiled\project\vs\obj\x64\debug\ofmainloop.obj
c:\users\u0965201\documents\ai_eaespring2020\of_v0.11.0_vs2017_release\libs\openframeworkscompiled\project\vs\obj\x64\debug\ofshader.obj
c:\users\u0965201\documents\ai_eaespring2020\of_v0.11.0_vs2017_release\libs\openframeworkscompiled\project\vs\obj\x64\debug\oftruetypefont.obj
c:\users\u0965201\documents\ai_eaespring2020\of_v0.11.0_vs2017_release\libs\openframeworkscompiled\project\vs\obj\x64\debug\ofcolor.obj
c:\users\u0965201\documents\ai_eaespring2020\of_v0.11.0_vs2017_release\libs\openframeworkscompiled\project\vs\obj\x64\debug\offpscounter.obj
c:\users\u0965201\documents\ai_eaespring2020\of_v0.11.0_vs2017_release\libs\openframeworkscompiled\project\vs\obj\x64\debug\ofsystemutils.obj
c:\users\u0965201\documents\ai_eaespring2020\of_v0.11.0_vs2017_release\libs\openframeworkscompiled\project\vs\obj\x64\debug\ofvideograbber.obj
c:\users\u0965201\documents\ai_eaespring2020\of_v0.11.0_vs2017_release\libs\openframeworkscompiled\project\vs\obj\x64\debug\of3dprimitives.obj
c:\users\u0965201\documents\ai_eaespring2020\of_v0.11.0_vs2017_release\libs\openframeworkscompiled\project\vs\obj\x64\debug\ofglrenderer.obj
c:\users\u0965201\documents\ai_eaespring2020\of_v0.11.0_vs2017_release\libs\openframeworkscompiled\project\vs\obj\x64\debug\ofbitmapfont.obj
c:\users\u0965201\documents\ai_eaespring2020\of_v0.11.0_vs2017_release\libs\openframeworkscompiled\project\vs\obj\x64\debug\ofpixels.obj
c:\users\u0965201\documents\ai_eaespring2020\of_v0.11.0_vs2017_release\libs\openframeworkscompiled\project\vs\obj\x64\debug\ofvec2f.obj
c:\users\u0965201\documents\ai_eaespring2020\of_v0.11.0_vs2017_release\libs\openframeworkscompiled\project\vs\obj\x64\debug\ofsoundbuffer.obj
c:\users\u0965201\documents\ai_eaespring2020\of_v0.11.0_vs2017_release\libs\openframeworkscompiled\project\vs\obj\x64\debug\ofrectangle.obj
c:\users\u0965201\documents\ai_eaespring2020\of_v0.11.0_vs2017_release\libs\openframeworkscompiled\project\vs\obj\x64\debug\ofurlfileloader.obj
c:\users\u0965201\documents\ai_eaespring2020\of_v0.11.0_vs2017_release\libs\openframeworkscompiled\project\vs\obj\x64\debug\ofserial.obj
c:\users\u0965201\documents\ai_eaespring2020\of_v0.11.0_vs2017_release\libs\openframeworkscompiled\project\vs\obj\x64\debug\ofappglfwwindow.obj
c:\users\u0965201\documents\ai_eaespring2020\of_v0.11.0_vs2017_release\libs\openframeworkscompiled\project\vs\obj\x64\debug\oflight.obj
c:\users\u0965201\documents\ai_eaespring2020\of_v0.11.0_vs2017_release\libs\openframeworkscompiled\project\vs\obj\x64\debug\ofvbo.obj
c:\users\u0965201\documents\ai_eaespring2020\of_v0.11.0_vs2017_release\libs\openframeworkscompiled\project\vs\obj\x64\debug\ofpath.obj
c:\users\u0965201\documents\ai_eaespring2020\of_v0.11.0_vs2017_release\libs\openframeworkscompiled\project\vs\obj\x64\debug\ofquaternion.obj
c:\users\u0965201\documents\ai_eaespring2020\of_v0.11.0_vs2017_release\libs\openframeworkscompiled\project\vs\obj\x64\debug\ofsoundplayer.obj
c:\users\u0965201\documents\ai_eaespring2020\of_v0.11.0_vs2017_release\libs\openframeworkscompiled\project\vs\obj\x64\debug\offileutils.obj
c:\users\u0965201\documents\ai_eaespring2020\of_v0.11.0_vs2017_release\libs\openframeworkscompiled\project\vs\obj\x64\debug\oftimer.obj
c:\users\u0965201\documents\ai_eaespring2020\of_v0.11.0_vs2017_release\libs\openframeworkscompiled\project\vs\obj\x64\debug\ofdirectshowplayer.obj
c:\users\u0965201\documents\ai_eaespring2020\of_v0.11.0_vs2017_release\libs\openframeworkscompiled\project\vs\obj\x64\debug\ofappnowindow.obj
c:\users\u0965201\documents\ai_eaespring2020\of_v0.11.0_vs2017_release\libs\openframeworkscompiled\project\vs\obj\x64\debug\ofbufferobject.obj
c:\users\u0965201\documents\ai_eaespring2020\of_v0.11.0_vs2017_release\libs\openframeworkscompiled\project\vs\obj\x64\debug\ofglprogrammablerenderer.obj
c:\users\u0965201\documents\ai_eaespring2020\of_v0.11.0_vs2017_release\libs\openframeworkscompiled\project\vs\obj\x64\debug\ofgraphicsbasetypes.obj
c:\users\u0965201\documents\ai_eaespring2020\of_v0.11.0_vs2017_release\libs\openframeworkscompiled\project\vs\obj\x64\debug\oftessellator.obj
c:\users\u0965201\documents\ai_eaespring2020\of_v0.11.0_vs2017_release\libs\openframeworkscompiled\project\vs\obj\x64\debug\offmodsoundplayer.obj
c:\users\u0965201\documents\ai_eaespring2020\of_v0.11.0_vs2017_release\libs\openframeworkscompiled\project\vs\obj\x64\debug\ofparameter.obj
c:\users\u0965201\documents\ai_eaespring2020\of_v0.11.0_vs2017_release\libs\openframeworkscompiled\project\vs\obj\x64\debug\ofthread.obj
c:\users\u0965201\documents\ai_eaespring2020\of_v0.11.0_vs2017_release\libs\openframeworkscompiled\project\vs\obj\x64\debug\ofarduino.obj
c:\users\u0965201\documents\ai_eaespring2020\of_v0.11.0_vs2017_release\libs\openframeworkscompiled\project\vs\obj\x64\debug\of3dutils.obj
c:\users\u0965201\documents\ai_eaespring2020\of_v0.11.0_vs2017_release\libs\openframeworkscompiled\project\vs\obj\x64\debug\ofbaseapp.obj
c:\users\u0965201\documents\ai_eaespring2020\of_v0.11.0_vs2017_release\libs\openframeworkscompiled\project\vs\obj\x64\debug\ofevents.obj
c:\users\u0965201\documents\ai_eaespring2020\of_v0.11.0_vs2017_release\libs\openframeworkscompiled\project\vs\obj\x64\debug\oftexture.obj
c:\users\u0965201\documents\ai_eaespring2020\of_v0.11.0_vs2017_release\libs\openframeworkscompiled\project\vs\obj\x64\debug\ofgraphics.obj
c:\users\u0965201\documents\ai_eaespring2020\of_v0.11.0_vs2017_release\libs\openframeworkscompiled\project\vs\obj\x64\debug\ofmatrix4x4.obj
c:\users\u0965201\documents\ai_eaespring2020\of_v0.11.0_vs2017_release\libs\openframeworkscompiled\project\vs\obj\x64\debug\ofrtaudiosoundstream.obj
c:\users\u0965201\documents\ai_eaespring2020\of_v0.11.0_vs2017_release\libs\openframeworkscompiled\project\vs\obj\x64\debug\oflog.obj
c:\users\u0965201\documents\ai_eaespring2020\of_v0.11.0_vs2017_release\libs\openframeworkscompiled\project\vs\obj\x64\debug\ofxml.obj
c:\users\u0965201\documents\ai_eaespring2020\of_v0.11.0_vs2017_release\libs\openframeworkscompiled\project\vs\obj\x64\debug\openframeworkslib.pdb
c:\users\u0965201\documents\ai_eaespring2020\of_v0.11.0_vs2017_release\libs\openframeworkscompiled\lib\vs\x64\openframeworkslib_debug.lib
c:\users\u0965201\documents\ai_eaespring2020\of_v0.11.0_vs2017_release\libs\openframeworkscompiled\project\vs\..\..\lib\vs\x64\openframeworkslib_debug.lib
c:\users\u0965201\documents\ai_eaespring2020\of_v0.11.0_vs2017_release\libs\openframeworkscompiled\project\vs\obj\x64\debug\openfram.5837595d.tlog\cl.10464.write.1.tlog
c:\users\u0965201\documents\ai_eaespring2020\of_v0.11.0_vs2017_release\libs\openframeworkscompiled\project\vs\obj\x64\debug\openfram.5837595d.tlog\cl.command.1.tlog
c:\users\u0965201\documents\ai_eaespring2020\of_v0.11.0_vs2017_release\libs\openframeworkscompiled\project\vs\obj\x64\debug\openfram.5837595d.tlog\cl.read.1.tlog
c:\users\u0965201\documents\ai_eaespring2020\of_v0.11.0_vs2017_release\libs\openframeworkscompiled\project\vs\obj\x64\debug\openfram.5837595d.tlog\lib-link.read.1.tlog
c:\users\u0965201\documents\ai_eaespring2020\of_v0.11.0_vs2017_release\libs\openframeworkscompiled\project\vs\obj\x64\debug\openfram.5837595d.tlog\lib-link.write.1.tlog
c:\users\u0965201\documents\ai_eaespring2020\of_v0.11.0_vs2017_release\libs\openframeworkscompiled\project\vs\obj\x64\debug\openfram.5837595d.tlog\lib.command.1.tlog
