c:\users\pinak jalan\documents\of_v0.11.0_vs2017_release\libs\openframeworkscompiled\project\vs\obj\x64\release\ofapprunner.obj
c:\users\pinak jalan\documents\of_v0.11.0_vs2017_release\libs\openframeworkscompiled\project\vs\obj\x64\release\ofimage.obj
c:\users\pinak jalan\documents\of_v0.11.0_vs2017_release\libs\openframeworkscompiled\project\vs\obj\x64\release\ofrtaudiosoundstream.obj
c:\users\pinak jalan\documents\of_v0.11.0_vs2017_release\libs\openframeworkscompiled\project\vs\obj\x64\release\ofdirectshowgrabber.obj
c:\users\pinak jalan\documents\of_v0.11.0_vs2017_release\libs\openframeworkscompiled\project\vs\obj\x64\release\ofappnowindow.obj
c:\users\pinak jalan\documents\of_v0.11.0_vs2017_release\libs\openframeworkscompiled\project\vs\obj\x64\release\ofbitmapfont.obj
c:\users\pinak jalan\documents\of_v0.11.0_vs2017_release\libs\openframeworkscompiled\project\vs\obj\x64\release\ofvec4f.obj
c:\users\pinak jalan\documents\of_v0.11.0_vs2017_release\libs\openframeworkscompiled\project\vs\obj\x64\release\ofcolor.obj
c:\users\pinak jalan\documents\of_v0.11.0_vs2017_release\libs\openframeworkscompiled\project\vs\obj\x64\release\ofdirectshowplayer.obj
c:\users\pinak jalan\documents\of_v0.11.0_vs2017_release\libs\openframeworkscompiled\project\vs\obj\x64\release\ofeasycam.obj
c:\users\pinak jalan\documents\of_v0.11.0_vs2017_release\libs\openframeworkscompiled\project\vs\obj\x64\release\of3dgraphics.obj
c:\users\pinak jalan\documents\of_v0.11.0_vs2017_release\libs\openframeworkscompiled\project\vs\obj\x64\release\offmodsoundplayer.obj
c:\users\pinak jalan\documents\of_v0.11.0_vs2017_release\libs\openframeworkscompiled\project\vs\obj\x64\release\oftimer.obj
c:\users\pinak jalan\documents\of_v0.11.0_vs2017_release\libs\openframeworkscompiled\project\vs\obj\x64\release\ofvideoplayer.obj
c:\users\pinak jalan\documents\of_v0.11.0_vs2017_release\libs\openframeworkscompiled\project\vs\obj\x64\release\oflight.obj
c:\users\pinak jalan\documents\of_v0.11.0_vs2017_release\libs\openframeworkscompiled\project\vs\obj\x64\release\ofvbomesh.obj
c:\users\pinak jalan\documents\of_v0.11.0_vs2017_release\libs\openframeworkscompiled\project\vs\obj\x64\release\ofquaternion.obj
c:\users\pinak jalan\documents\of_v0.11.0_vs2017_release\libs\openframeworkscompiled\project\vs\obj\x64\release\ofparametergroup.obj
c:\users\pinak jalan\documents\of_v0.11.0_vs2017_release\libs\openframeworkscompiled\project\vs\obj\x64\release\ofbaseapp.obj
c:\users\pinak jalan\documents\of_v0.11.0_vs2017_release\libs\openframeworkscompiled\project\vs\obj\x64\release\ofglprogrammablerenderer.obj
c:\users\pinak jalan\documents\of_v0.11.0_vs2017_release\libs\openframeworkscompiled\project\vs\obj\x64\release\ofmatrix4x4.obj
c:\users\pinak jalan\documents\of_v0.11.0_vs2017_release\libs\openframeworkscompiled\project\vs\obj\x64\release\ofrectangle.obj
c:\users\pinak jalan\documents\of_v0.11.0_vs2017_release\libs\openframeworkscompiled\project\vs\obj\x64\release\ofserial.obj
c:\users\pinak jalan\documents\of_v0.11.0_vs2017_release\libs\openframeworkscompiled\project\vs\obj\x64\release\ofevents.obj
c:\users\pinak jalan\documents\of_v0.11.0_vs2017_release\libs\openframeworkscompiled\project\vs\obj\x64\release\ofvbo.obj
c:\users\pinak jalan\documents\of_v0.11.0_vs2017_release\libs\openframeworkscompiled\project\vs\obj\x64\release\ofmath.obj
c:\users\pinak jalan\documents\of_v0.11.0_vs2017_release\libs\openframeworkscompiled\project\vs\obj\x64\release\oflog.obj
c:\users\pinak jalan\documents\of_v0.11.0_vs2017_release\libs\openframeworkscompiled\project\vs\obj\x64\release\ofbufferobject.obj
c:\users\pinak jalan\documents\of_v0.11.0_vs2017_release\libs\openframeworkscompiled\project\vs\obj\x64\release\ofshader.obj
c:\users\pinak jalan\documents\of_v0.11.0_vs2017_release\libs\openframeworkscompiled\project\vs\obj\x64\release\ofthread.obj
c:\users\pinak jalan\documents\of_v0.11.0_vs2017_release\libs\openframeworkscompiled\project\vs\obj\x64\release\ofglrenderer.obj
c:\users\pinak jalan\documents\of_v0.11.0_vs2017_release\libs\openframeworkscompiled\project\vs\obj\x64\release\ofpixels.obj
c:\users\pinak jalan\documents\of_v0.11.0_vs2017_release\libs\openframeworkscompiled\project\vs\obj\x64\release\offpscounter.obj
c:\users\pinak jalan\documents\of_v0.11.0_vs2017_release\libs\openframeworkscompiled\project\vs\obj\x64\release\ofmatrixstack.obj
c:\users\pinak jalan\documents\of_v0.11.0_vs2017_release\libs\openframeworkscompiled\project\vs\obj\x64\release\of3dprimitives.obj
c:\users\pinak jalan\documents\of_v0.11.0_vs2017_release\libs\openframeworkscompiled\project\vs\obj\x64\release\ofrenderercollection.obj
c:\users\pinak jalan\documents\of_v0.11.0_vs2017_release\libs\openframeworkscompiled\project\vs\obj\x64\release\offileutils.obj
c:\users\pinak jalan\documents\of_v0.11.0_vs2017_release\libs\openframeworkscompiled\project\vs\obj\x64\release\ofcamera.obj
c:\users\pinak jalan\documents\of_v0.11.0_vs2017_release\libs\openframeworkscompiled\project\vs\obj\x64\release\ofcairorenderer.obj
c:\users\pinak jalan\documents\of_v0.11.0_vs2017_release\libs\openframeworkscompiled\project\vs\obj\x64\release\ofparameter.obj
c:\users\pinak jalan\documents\of_v0.11.0_vs2017_release\libs\openframeworkscompiled\project\vs\obj\x64\release\ofvideograbber.obj
c:\users\pinak jalan\documents\of_v0.11.0_vs2017_release\libs\openframeworkscompiled\project\vs\obj\x64\release\offbo.obj
c:\users\pinak jalan\documents\of_v0.11.0_vs2017_release\libs\openframeworkscompiled\project\vs\obj\x64\release\ofpath.obj
c:\users\pinak jalan\documents\of_v0.11.0_vs2017_release\libs\openframeworkscompiled\project\vs\obj\x64\release\ofsoundstream.obj
c:\users\pinak jalan\documents\of_v0.11.0_vs2017_release\libs\openframeworkscompiled\project\vs\obj\x64\release\ofarduino.obj
c:\users\pinak jalan\documents\of_v0.11.0_vs2017_release\libs\openframeworkscompiled\project\vs\obj\x64\release\ofappglfwwindow.obj
c:\users\pinak jalan\documents\of_v0.11.0_vs2017_release\libs\openframeworkscompiled\project\vs\obj\x64\release\oftessellator.obj
c:\users\pinak jalan\documents\of_v0.11.0_vs2017_release\libs\openframeworkscompiled\project\vs\obj\x64\release\ofsoundbasetypes.obj
c:\users\pinak jalan\documents\of_v0.11.0_vs2017_release\libs\openframeworkscompiled\project\vs\obj\x64\release\ofurlfileloader.obj
c:\users\pinak jalan\documents\of_v0.11.0_vs2017_release\libs\openframeworkscompiled\project\vs\obj\x64\release\ofnode.obj
c:\users\pinak jalan\documents\of_v0.11.0_vs2017_release\libs\openframeworkscompiled\project\vs\obj\x64\release\ofgraphicsbasetypes.obj
c:\users\pinak jalan\documents\of_v0.11.0_vs2017_release\libs\openframeworkscompiled\project\vs\obj\x64\release\oftruetypefont.obj
c:\users\pinak jalan\documents\of_v0.11.0_vs2017_release\libs\openframeworkscompiled\project\vs\obj\x64\release\ofsystemutils.obj
c:\users\pinak jalan\documents\of_v0.11.0_vs2017_release\libs\openframeworkscompiled\project\vs\obj\x64\release\of3dutils.obj
c:\users\pinak jalan\documents\of_v0.11.0_vs2017_release\libs\openframeworkscompiled\project\vs\obj\x64\release\ofmaterial.obj
c:\users\pinak jalan\documents\of_v0.11.0_vs2017_release\libs\openframeworkscompiled\project\vs\obj\x64\release\ofvec2f.obj
c:\users\pinak jalan\documents\of_v0.11.0_vs2017_release\libs\openframeworkscompiled\project\vs\obj\x64\release\ofbasetypes.obj
c:\users\pinak jalan\documents\of_v0.11.0_vs2017_release\libs\openframeworkscompiled\project\vs\obj\x64\release\ofmainloop.obj
c:\users\pinak jalan\documents\of_v0.11.0_vs2017_release\libs\openframeworkscompiled\project\vs\obj\x64\release\oftexture.obj
c:\users\pinak jalan\documents\of_v0.11.0_vs2017_release\libs\openframeworkscompiled\project\vs\obj\x64\release\ofmatrix3x3.obj
c:\users\pinak jalan\documents\of_v0.11.0_vs2017_release\libs\openframeworkscompiled\project\vs\obj\x64\release\ofsoundplayer.obj
c:\users\pinak jalan\documents\of_v0.11.0_vs2017_release\libs\openframeworkscompiled\project\vs\obj\x64\release\ofxml.obj
c:\users\pinak jalan\documents\of_v0.11.0_vs2017_release\libs\openframeworkscompiled\project\vs\obj\x64\release\ofglutils.obj
c:\users\pinak jalan\documents\of_v0.11.0_vs2017_release\libs\openframeworkscompiled\project\vs\obj\x64\release\ofgraphics.obj
c:\users\pinak jalan\documents\of_v0.11.0_vs2017_release\libs\openframeworkscompiled\project\vs\obj\x64\release\ofsoundbuffer.obj
c:\users\pinak jalan\documents\of_v0.11.0_vs2017_release\libs\openframeworkscompiled\project\vs\obj\x64\release\ofutils.obj
c:\users\pinak jalan\documents\of_v0.11.0_vs2017_release\libs\openframeworkscompiled\project\vs\obj\x64\release\openframeworkslib.pdb
c:\users\pinak jalan\documents\of_v0.11.0_vs2017_release\libs\openframeworkscompiled\lib\vs\x64\openframeworkslib.lib
c:\users\pinak jalan\documents\of_v0.11.0_vs2017_release\libs\openframeworkscompiled\project\vs\..\..\lib\vs\x64\openframeworkslib.lib
c:\users\pinak jalan\documents\of_v0.11.0_vs2017_release\libs\openframeworkscompiled\project\vs\obj\x64\release\openfram.5837595d.tlog\cl.10672.write.1.tlog
c:\users\pinak jalan\documents\of_v0.11.0_vs2017_release\libs\openframeworkscompiled\project\vs\obj\x64\release\openfram.5837595d.tlog\cl.command.1.tlog
c:\users\pinak jalan\documents\of_v0.11.0_vs2017_release\libs\openframeworkscompiled\project\vs\obj\x64\release\openfram.5837595d.tlog\cl.read.1.tlog
c:\users\pinak jalan\documents\of_v0.11.0_vs2017_release\libs\openframeworkscompiled\project\vs\obj\x64\release\openfram.5837595d.tlog\lib-link.read.1.tlog
c:\users\pinak jalan\documents\of_v0.11.0_vs2017_release\libs\openframeworkscompiled\project\vs\obj\x64\release\openfram.5837595d.tlog\lib-link.write.1.tlog
c:\users\pinak jalan\documents\of_v0.11.0_vs2017_release\libs\openframeworkscompiled\project\vs\obj\x64\release\openfram.5837595d.tlog\lib.command.1.tlog
